<?xml version="1.0" encoding="UTF-8"?>
<testng-results ignored="0" total="1" passed="1" failed="0" skipped="0">
  <reporter-output>
  </reporter-output>
  <suite started-at="2025-04-07T17:48:28 IST" name="Default suite" finished-at="2025-04-07T17:48:34 IST" duration-ms="5433">
    <groups>
    </groups>
    <test started-at="2025-04-07T17:48:28 IST" name="Default test" finished-at="2025-04-07T17:48:34 IST" duration-ms="5433">
      <class name="HandlingSSL_Certificate.SSL_CertificateTwo">
        <test-method is-config="true" signature="setUp()[pri:0, instance:HandlingSSL_Certificate.SSL_CertificateTwo@5bf0d49]" started-at="2025-04-07T17:48:28 IST" name="setUp" finished-at="2025-04-07T17:48:31 IST" duration-ms="2690" status="PASS">
          <reporter-output>
          </reporter-output>
        </test-method> <!-- setUp -->
        <test-method signature="sslCertificate()[pri:0, instance:HandlingSSL_Certificate.SSL_CertificateTwo@5bf0d49]" started-at="2025-04-07T17:48:31 IST" name="sslCertificate" finished-at="2025-04-07T17:48:33 IST" duration-ms="2280" status="PASS">
          <reporter-output>
          </reporter-output>
        </test-method> <!-- sslCertificate -->
        <test-method is-config="true" signature="tearDown()[pri:0, instance:HandlingSSL_Certificate.SSL_CertificateTwo@5bf0d49]" started-at="2025-04-07T17:48:33 IST" name="tearDown" finished-at="2025-04-07T17:48:34 IST" duration-ms="384" status="PASS">
          <reporter-output>
          </reporter-output>
        </test-method> <!-- tearDown -->
      </class> <!-- HandlingSSL_Certificate.SSL_CertificateTwo -->
    </test> <!-- Default test -->
  </suite> <!-- Default suite -->
</testng-results>
