<?xml version="1.0" encoding="UTF-8"?>
<testng-results ignored="0" total="1" passed="1" failed="0" skipped="0">
  <reporter-output>
  </reporter-output>
  <suite started-at="2025-07-11T10:03:50 IST" name="Default suite" finished-at="2025-07-11T10:03:56 IST" duration-ms="5823">
    <groups>
    </groups>
    <test started-at="2025-07-11T10:03:50 IST" name="Default test" finished-at="2025-07-11T10:03:56 IST" duration-ms="5823">
      <class name="HandlingSSL_Certificate.SSl_CertificateFour">
        <test-method is-config="true" signature="setUp()[pri:0, instance:HandlingSSL_Certificate.SSl_CertificateFour@3754a4bf]" started-at="2025-07-11T10:03:50 IST" name="setUp" finished-at="2025-07-11T10:03:54 IST" duration-ms="3318" status="PASS">
          <reporter-output>
          </reporter-output>
        </test-method> <!-- setUp -->
        <test-method signature="handlingSSL()[pri:0, instance:HandlingSSL_Certificate.SSl_CertificateFour@3754a4bf]" started-at="2025-07-11T10:03:54 IST" name="handlingSSL" finished-at="2025-07-11T10:03:56 IST" duration-ms="2012" status="PASS">
          <reporter-output>
          </reporter-output>
        </test-method> <!-- handlingSSL -->
        <test-method is-config="true" signature="tearDown()[pri:0, instance:HandlingSSL_Certificate.SSl_CertificateFour@3754a4bf]" started-at="2025-07-11T10:03:56 IST" name="tearDown" finished-at="2025-07-11T10:03:56 IST" duration-ms="407" status="PASS">
          <reporter-output>
          </reporter-output>
        </test-method> <!-- tearDown -->
      </class> <!-- HandlingSSL_Certificate.SSl_CertificateFour -->
    </test> <!-- Default test -->
  </suite> <!-- Default suite -->
</testng-results>
